1613811310099,1613811310058,pass,1,AIDASSLDOJFLAIXMBIS7L,76dd9e27-5021-4627-9152-9c0ce5c52e4b,"It's a mystery to me"
1613811310195,1613811310086,pass,1,AIDASSLDOJFLAIXMBIS7L,69928a75-3792-43dd-b48c-05d1f8a974bd,"The game commences"
1613811310263,1613811310169,pass,1,AIDASSLDOJFLAIXMBIS7L,6dc73edd-28dc-40f9-a238-860e9c842bdd,"Plus expenses"
1613811310264,1613811310196,pass,1,AIDASSLDOJFLAIXMBIS7L,b2927c19-2088-4e0c-8621-4419692a611f,"Confidential information,"
1613811310331,1613811310118,pass,1,AIDASSLDOJFLAIXMBIS7L,a232425b-9f2c-4f92-a207-e884c738cf31,"For the usual fee"
1613811310331,1613811310238,pass,1,AIDASSLDOJFLAIXMBIS7L,95bba082-f5ed-4c66-8097-b7bd43db2d4a,"It's in a diary"
1613811310331,1613811310267,pass,1,AIDASSLDOJFLAIXMBIS7L,14c6db22-acd9-49a2-9e99-49aef7a6d67e,"This is my investigation,"
1613811310400,1613811310287,pass,1,AIDASSLDOJFLAIXMBIS7L,bda89405-1e56-4e98-ae03-9519a76af34c,"It's not a public inquiry"
1613811310475,1613811310318,pass,1,AIDASSLDOJFLAIXMBIS7L,9f9edf52-f3c9-4cc9-885c-4a40688474ed,"I go checking out the reports"
1613811310547,1613811310394,pass,1,AIDASSLDOJFLAIXMBIS7L,79135000-1f23-4b35-8ae8-c2d3ae17b5da,"Digging up the dirt"
1613811310634,1613811310426,pass,1,AIDASSLDOJFLAIXMBIS7L,b800b07b-f102-4526-ab18-7133a2ab7107,"You get to meet all sorts"
1613811310635,1613811310458,pass,1,AIDASSLDOJFLAIXMBIS7L,0702287d-15e1-4d1d-b7bf-b6de6462b4b5,"In this line of work"
1613811310635,1613811310492,pass,1,AIDASSLDOJFLAIXMBIS7L,9461ffe9-1091-4935-8ecc-aab670bfcbce,"Treachery and treason,"
1613811310635,1613811310556,pass,1,AIDASSLDOJFLAIXMBIS7L,a996c916-5b97-4d76-8255-2ce0b02f44aa,"And when I find the reason"
1613811310717,1613811310644,pass,1,AIDASSLDOJFLAIXMBIS7L,72cb6f50-d188-4404-912c-37628470bcdb,"And what have you got at the end of the day?"
1613811310788,1613811310588,fail,1,AIDASSLDOJFLAIXMBIS7L,17bae915-b444-4eeb-9fbb-b274627d0ec1,"I still can't get used to it"
1613811310831,1613811310785,pass,1,AIDASSLDOJFLAIXMBIS7L,44284d5f-b8e1-4bcf-99bd-ed9429b62bfa,"Scarred for life"
1613811310892,1613811310810,pass,1,AIDASSLDOJFLAIXMBIS7L,abf91627-f50c-48bc-9237-6fc161898787,"No compensation"
1613811310965,1613811310678,pass,1,AIDASSLDOJFLAIXMBIS7L,207e289c-5a10-4edf-a6a8-3db156ca8537,"What have you got to take away?"
1613811310965,1613811310830,pass,1,AIDASSLDOJFLAIXMBIS7L,3470ce74-fb94-4f04-ace7-8ea24e630cfe,"Private investigations"
1613811311042,1613811310709,pass,1,AIDASSLDOJFLAIXMBIS7L,41a567f3-5b40-445c-9e74-e579365aedaf,"A bottle of whisky and a new set of lies"
1613811311131,1613811310527,pass,1,AIDASSLDOJFLAIXMBIS7L,b3339f4f-7ef9-411a-8bc5-360ab0921449,"There's always an excuse for it"
1613811311228,1613811310752,pass,1,AIDASSLDOJFLAIXMBIS7L,4273e75a-a050-4b4f-9ff6-88a901bee7ee,"Blinds on a window and a pain behind the eyes"
1613811311913,1613811311878,pass,1,AIDASSLDOJFLAIXMBIS7L,a928c25f-f584-448a-bb0b-957117ddfe69,"It's a mystery to me"
1613811312017,1613811311916,pass,1,AIDASSLDOJFLAIXMBIS7L,68ca6f71-a8f9-4e35-8b13-4f24b79ec46d,"The game commences"
1613811312017,1613811311983,pass,1,AIDASSLDOJFLAIXMBIS7L,63900b52-22f6-49a7-8489-62d06865ae65,"Plus expenses"
1613811312085,1613811312050,fail,1,AIDASSLDOJFLAIXMBIS7L,3e26ac53-a79b-4585-9af6-e0535698b392,"It's in a diary"
1613811312143,1613811311949,fail,1,AIDASSLDOJFLAIXMBIS7L,c967e968-afeb-42fb-8754-a0bdaa1dd0c3,"For the usual fee"
1613811312199,1613811312085,pass,1,AIDASSLDOJFLAIXMBIS7L,c1583af3-87cb-4909-88a8-d036ce9594aa,"This is my investigation,"
1613811312299,1613811312258,pass,1,AIDASSLDOJFLAIXMBIS7L,bba82544-9d0c-4358-b61a-59724fed0090,"You get to meet all sorts"
1613811312371,1613811312199,pass,1,AIDASSLDOJFLAIXMBIS7L,db60f9aa-dc0c-40a6-a537-48bac1a4c295,"Digging up the dirt"
1613811312458,1613811312298,pass,1,AIDASSLDOJFLAIXMBIS7L,35dfa1f3-c029-4434-a8fd-0079cc773283,"In this line of work"
1613811312460,1613811312329,pass,1,AIDASSLDOJFLAIXMBIS7L,53394f2a-919a-41df-8889-be6e1b1b5061,"Treachery and treason,"
1613811312557,1613811312522,pass,1,AIDASSLDOJFLAIXMBIS7L,20bf8caf-6782-4561-a219-ff3365a67f4b,"And what have you got at the end of the day?"
1613811312557,1613811312015,pass,1,AIDASSLDOJFLAIXMBIS7L,d72c4ea6-4ad5-4547-8d7b-ba0cc679adf5,"Confidential information,"
1613811312557,1613811312129,pass,1,AIDASSLDOJFLAIXMBIS7L,f903570d-aeae-44f9-acce-17b5f0305903,"It's not a public inquiry"
1613811312557,1613811312164,pass,1,AIDASSLDOJFLAIXMBIS7L,9012f95b-7cd2-44e9-8ee4-16b4d2505542,"I go checking out the reports"
1613811313224,1613811312393,pass,1,AIDASSLDOJFLAIXMBIS7L,d2d530c0-8380-4805-ba0b-55a29f36378e,"And when I find the reason"
1613811313228,1613811312626,pass,1,AIDASSLDOJFLAIXMBIS7L,9cab2c46-0c94-4c12-a3b1-07d5c9fe8caf,"A bottle of whisky and a new set of lies"
1613811313303,1613811312724,pass,1,AIDASSLDOJFLAIXMBIS7L,ff7e204e-b177-45ef-8adf-25a0350f8a08,"No compensation"
1613811313387,1613811312359,pass,1,AIDASSLDOJFLAIXMBIS7L,181ba048-c505-4519-8391-80230d610611,"There's always an excuse for it"
1613811313387,1613811312487,pass,1,AIDASSLDOJFLAIXMBIS7L,bdeea7c8-80df-465b-8a8c-1f6cd305a5eb,"I still can't get used to it"
1613811313387,1613811312662,fail,1,AIDASSLDOJFLAIXMBIS7L,f6b96f30-6816-44aa-b7e5-42a853ad6c21,"Blinds on a window and a pain behind the eyes"
1613811313454,1613811312771,pass,1,AIDASSLDOJFLAIXMBIS7L,6a017d0f-0cac-4263-9a21-b73a3ad79587,"Private investigations"
1613811313555,1613811312589,pass,1,AIDASSLDOJFLAIXMBIS7L,fcba15be-118c-418d-8470-71f19a13a9cf,"What have you got to take away?"
1613811313555,1613811312691,pass,1,AIDASSLDOJFLAIXMBIS7L,12c41403-d90a-44bc-ba45-29b5484569bb,"Scarred for life"
1613811313841,1613811313808,pass,1,AIDASSLDOJFLAIXMBIS7L,638bc29b-3e5d-4def-abcf-34c11b62fbaf,"It's a mystery to me"
1613811313946,1613811313841,pass,1,AIDASSLDOJFLAIXMBIS7L,26fec19f-e224-4dec-a1eb-1112442e5bc6,"The game commences"
1613811313947,1613811313913,pass,1,AIDASSLDOJFLAIXMBIS7L,63eadf44-1a04-4a80-a3a7-c25da7961fec,"Plus expenses"
1613811314022,1613811313879,pass,1,AIDASSLDOJFLAIXMBIS7L,ad544544-4e20-4997-bf50-e68ab0254c8f,"For the usual fee"
1613811314107,1613811314036,pass,1,AIDASSLDOJFLAIXMBIS7L,952f8ef4-6a1a-44ac-ac76-15d61cd66595,"Confidential information,"
1613811314107,1613811314069,pass,1,AIDASSLDOJFLAIXMBIS7L,ad8bfa81-a0f5-4a9b-8bf3-4d0fb8c72a03,"It's in a diary"
1613811314208,1613811314172,pass,1,AIDASSLDOJFLAIXMBIS7L,cfa0ce0d-ab22-467a-855c-aeecba0d7bec,"I go checking out the reports"
1613811314208,1613811314138,pass,1,AIDASSLDOJFLAIXMBIS7L,934477d9-9010-40ea-a330-a7610975ac0d,"It's not a public inquiry"
1613811314288,1613811314207,pass,1,AIDASSLDOJFLAIXMBIS7L,30fb778f-5ce2-4698-aec4-15f7b9bc3a89,"Digging up the dirt"
1613811314379,1613811314310,pass,1,AIDASSLDOJFLAIXMBIS7L,888e8852-761c-45df-9766-a33221514f3c,"In this line of work"
1613811314453,1613811314421,pass,1,AIDASSLDOJFLAIXMBIS7L,c7dbfdc3-8cf0-46ca-944d-ba96ba3edc38,"And when I find the reason"
1613811314577,1613811314348,pass,1,AIDASSLDOJFLAIXMBIS7L,3fc8a406-3991-4ac6-ba84-56cce88486db,"Treachery and treason,"
1613811314577,1613811314385,pass,1,AIDASSLDOJFLAIXMBIS7L,3c0e839e-3b47-4e51-bc11-3c0280fe03c0,"There's always an excuse for it"
1613811314578,1613811314462,pass,1,AIDASSLDOJFLAIXMBIS7L,299563f1-d0ee-4bc2-ae36-6cfa4b9cba52,"I still can't get used to it"
1613811314654,1613811314619,pass,1,AIDASSLDOJFLAIXMBIS7L,eb743fe1-2575-4eb3-b265-fb1ac0911922,"A bottle of whisky and a new set of lies"
1613811314745,1613811314103,pass,1,AIDASSLDOJFLAIXMBIS7L,08f94ca5-2a70-4ece-9018-ca595ce17ef2,"This is my investigation,"
1613811314745,1613811314244,pass,1,AIDASSLDOJFLAIXMBIS7L,84fba07b-d860-4101-82e8-21a86cc7e6ff,"You get to meet all sorts"
1613811314745,1613811314706,pass,1,AIDASSLDOJFLAIXMBIS7L,73b897ef-0243-4ff1-8ab4-536f9358dc28,"Scarred for life"
1613811314821,1613811314580,pass,1,AIDASSLDOJFLAIXMBIS7L,5baea612-4a04-4d17-b098-4021e26890b7,"What have you got to take away?"
1613811314960,1613811314740,pass,1,AIDASSLDOJFLAIXMBIS7L,c139cd48-d101-420a-bd44-007a6d4a7ad3,"No compensation"
1613811315050,1613811314666,pass,1,AIDASSLDOJFLAIXMBIS7L,c9ce2823-5bbc-4db9-a8be-68be680124e4,"Blinds on a window and a pain behind the eyes"
1613811315140,1613811314778,pass,1,AIDASSLDOJFLAIXMBIS7L,86abaf36-7f51-491b-98bc-ad912ddf94ac,"Private investigations"
1613811315229,1613811314544,pass,1,AIDASSLDOJFLAIXMBIS7L,3b562065-b941-4307-9f5b-67fc72f61b08,"And what have you got at the end of the day?"
1613811315870,1613811315834,pass,1,AIDASSLDOJFLAIXMBIS7L,a34a4be3-f5eb-4b04-9804-7e57321eba2d,"It's a mystery to me"
1613811315956,1613811315890,pass,1,AIDASSLDOJFLAIXMBIS7L,51294d62-f4d2-4d0d-8f7d-0c3fb67fdea0,"The game commences"
1613811316052,1613811315953,pass,1,AIDASSLDOJFLAIXMBIS7L,8c39b9fc-c4b4-4a52-a626-bb6cae966ae8,"For the usual fee"
1613811316131,1613811315995,pass,1,AIDASSLDOJFLAIXMBIS7L,2983edae-e2a7-4f4a-bb61-4f5c2735fd29,"Plus expenses"
1613811316331,1613811316173,pass,1,AIDASSLDOJFLAIXMBIS7L,4e546946-df07-41f6-82ec-892f77a603b8,"This is my investigation,"
1613811316335,1613811316252,pass,1,AIDASSLDOJFLAIXMBIS7L,9c2b85ff-c5e6-4339-bfdf-b9e0aa60c89a,"It's not a public inquiry"
1613811316409,1613811316054,pass,1,AIDASSLDOJFLAIXMBIS7L,836683ef-3e8b-4135-9aa3-386f031c6a60,"Confidential information,"
1613811316409,1613811316090,pass,1,AIDASSLDOJFLAIXMBIS7L,b6805fa7-1ca3-4a5b-a956-defaf54fef28,"It's in a diary"
1613811316489,1613811316289,pass,1,AIDASSLDOJFLAIXMBIS7L,8343e272-9f96-4bbc-b90b-ce5983ed4719,"I go checking out the reports"
1613811316573,1613811316490,pass,1,AIDASSLDOJFLAIXMBIS7L,9b5a1641-4d2e-4341-82b0-8da81bd9692e,"Treachery and treason,"
1613811316637,1613811316416,pass,1,AIDASSLDOJFLAIXMBIS7L,7924008f-3243-46aa-881f-c8295174aa7c,"You get to meet all sorts"
1613811316698,1613811316575,pass,1,AIDASSLDOJFLAIXMBIS7L,0ad166e9-124c-4a71-804d-b20dc49ce7ab,"And when I find the reason"
1613811316821,1613811316635,pass,1,AIDASSLDOJFLAIXMBIS7L,faa2d264-dcaa-4ac2-985e-53fab152311c,"And what have you got at the end of the day?"
1613811316910,1613811316683,pass,1,AIDASSLDOJFLAIXMBIS7L,57b1eb94-606d-4c17-bdf3-bc6f7c363e4a,"A bottle of whisky and a new set of lies"
1613811316910,1613811316805,pass,1,AIDASSLDOJFLAIXMBIS7L,dfcfd12c-bb08-48b7-86a3-33b5a4a9ba52,"No compensation"
1613811316986,1613811316377,pass,1,AIDASSLDOJFLAIXMBIS7L,056fe6ad-bd19-4c30-8081-85c50968ba04,"Digging up the dirt"
1613811316987,1613811316536,pass,1,AIDASSLDOJFLAIXMBIS7L,9f83ade2-ee5f-4b4f-add6-c5adefa95bc7,"There's always an excuse for it"
1613811317061,1613811316658,pass,1,AIDASSLDOJFLAIXMBIS7L,052fe671-3732-47f8-a57c-2603b97f2ee5,"What have you got to take away?"
1613811317145,1613811316450,pass,1,AIDASSLDOJFLAIXMBIS7L,d4c2f6b9-3be9-4f3d-a025-0a0b0d7056d3,"In this line of work"
1613811317146,1613811316602,pass,1,AIDASSLDOJFLAIXMBIS7L,530096ea-8f88-4b33-a623-599b2257b04c,"I still can't get used to it"
1613811317146,1613811316768,pass,1,AIDASSLDOJFLAIXMBIS7L,f29bffbd-9a29-46c7-800f-439441c80842,"Scarred for life"
1613811317146,1613811316852,pass,1,AIDASSLDOJFLAIXMBIS7L,8b3e237e-691d-4719-a549-0922b87b095e,"Private investigations"
1613811317235,1613811316714,pass,1,AIDASSLDOJFLAIXMBIS7L,1b435079-110d-4604-a6c8-1f4ceeb59f1b,"Blinds on a window and a pain behind the eyes"
1613811317940,1613811317907,pass,1,AIDASSLDOJFLAIXMBIS7L,df6f81da-db1b-4b3f-82fd-f207424d0f63,"It's a mystery to me"
1613811318047,1613811317973,pass,1,AIDASSLDOJFLAIXMBIS7L,b7f16320-d22e-4fef-945b-5450212edcef,"For the usual fee"
1613811318119,1613811318031,pass,1,AIDASSLDOJFLAIXMBIS7L,b1705229-f6a3-4221-973a-2ebaf4d71e13,"Plus expenses"
1613811318193,1613811317941,fail,1,AIDASSLDOJFLAIXMBIS7L,d79c057f-d87f-486b-8735-f0c4d2081f7c,"The game commences"
1613811318193,1613811318059,pass,1,AIDASSLDOJFLAIXMBIS7L,bccdc8fe-60fe-495e-9bb6-4ecf3d7e8a9d,"Confidential information,"
1613811318193,1613811318087,pass,1,AIDASSLDOJFLAIXMBIS7L,bbaf3d0a-47d1-4be0-a5fb-7052bf619c3b,"It's in a diary"
1613811318193,1613811318119,fail,1,AIDASSLDOJFLAIXMBIS7L,c4eafba1-79e2-4fbd-bfee-8b48333aca13,"This is my investigation,"
1613811318194,1613811318145,pass,1,AIDASSLDOJFLAIXMBIS7L,e20b2ce2-de9b-49b0-90f7-b3b8f6589dfa,"It's not a public inquiry"
1613811318323,1613811318290,pass,1,AIDASSLDOJFLAIXMBIS7L,c9f94ca0-4d17-460b-8372-53b12d5af745,"I go checking out the reports"
1613811318408,1613811318325,pass,1,AIDASSLDOJFLAIXMBIS7L,1e51659a-0f44-4fa0-87cf-364945901acb,"Digging up the dirt"
1613811318494,1613811318355,pass,1,AIDASSLDOJFLAIXMBIS7L,292a3803-0e81-4119-be7e-154635d6bb1a,"You get to meet all sorts"
1613811318494,1613811318390,pass,1,AIDASSLDOJFLAIXMBIS7L,6a09eaf8-b174-4bb3-b861-7baa1da57fa5,"In this line of work"
1613811318588,1613811318436,fail,1,AIDASSLDOJFLAIXMBIS7L,d5b8d7ab-691a-4edf-a65a-56bf9f3fe97a,"Treachery and treason,"
1613811318588,1613811318463,pass,1,AIDASSLDOJFLAIXMBIS7L,225ac955-dc32-4bc3-8701-b7f05b9758f2,"There's always an excuse for it"
1613811318588,1613811318535,pass,1,AIDASSLDOJFLAIXMBIS7L,67fa433b-f36f-4697-89cc-1de3569c118e,"I still can't get used to it"
1613811318720,1613811318662,pass,1,AIDASSLDOJFLAIXMBIS7L,32250bae-cbf2-4b03-8d98-74ed971cfd28,"What have you got to take away?"
1613811318720,1613811318687,pass,1,AIDASSLDOJFLAIXMBIS7L,72882233-9e4f-4e02-b3b2-0b4f3e85eafb,"A bottle of whisky and a new set of lies"
1613811318720,1613811318490,pass,1,AIDASSLDOJFLAIXMBIS7L,65bb225f-bcdd-4f3d-b9de-fa26cdd70fe2,"And when I find the reason"
1613811318720,1613811318616,fail,1,AIDASSLDOJFLAIXMBIS7L,ac4e4038-e4ee-40df-8010-318b0a4ad352,"And what have you got at the end of the day?"
1613811318787,1613811318740,pass,1,AIDASSLDOJFLAIXMBIS7L,15a9974a-d08a-4abe-ad20-a6e8a07877a0,"Scarred for life"
1613811318852,1613811318711,pass,1,AIDASSLDOJFLAIXMBIS7L,e81d9d82-ce6e-4b06-bba4-6bc280a9df19,"Blinds on a window and a pain behind the eyes"
1613811318853,1613811318768,pass,1,AIDASSLDOJFLAIXMBIS7L,4608c006-466d-4d7a-aee6-7fe8ac0d9e6d,"No compensation"
1613811318853,1613811318803,pass,1,AIDASSLDOJFLAIXMBIS7L,6aa7769d-06cb-47ed-b84d-e123a1e6054e,"Private investigations"
1613811319886,1613811319851,pass,1,AIDASSLDOJFLAIXMBIS7L,5b9a1ea2-d4bd-48fb-a7db-86c4e25518f8,"It's a mystery to me"
1613811319949,1613811319912,pass,1,AIDASSLDOJFLAIXMBIS7L,17cb9f5e-a7cd-480d-b900-df5dd58ae767,"For the usual fee"
1613811320071,1613811320009,pass,1,AIDASSLDOJFLAIXMBIS7L,cd3508b1-dcff-4bb2-8963-455b7be7c4f5,"This is my investigation,"
1613811320133,1613811319888,pass,1,AIDASSLDOJFLAIXMBIS7L,68e529a1-716a-497f-a1db-e9bfc98d3734,"The game commences"
1613811320134,1613811319963,pass,1,AIDASSLDOJFLAIXMBIS7L,29c9efca-c7af-494e-a589-860d6d61d535,"Confidential information,"
1613811320134,1613811320046,pass,1,AIDASSLDOJFLAIXMBIS7L,daa3afc6-ec20-4046-831f-cd4aabbeccc6,"I go checking out the reports"
1613811320207,1613811320027,pass,1,AIDASSLDOJFLAIXMBIS7L,a1abc73a-6af6-482f-9113-7b7130ef1778,"It's not a public inquiry"
1613811320268,1613811319935,fail,1,AIDASSLDOJFLAIXMBIS7L,36721104-464a-416e-9c1e-f682a827d526,"Plus expenses"
1613811320268,1613811320224,pass,1,AIDASSLDOJFLAIXMBIS7L,8de51647-b149-49af-9859-7f3d7b11fb4c,"There's always an excuse for it"
1613811320337,1613811319983,pass,1,AIDASSLDOJFLAIXMBIS7L,624469f6-2013-470c-af1a-8b902e7c7f22,"It's in a diary"
1613811320401,1613811320140,pass,1,AIDASSLDOJFLAIXMBIS7L,496bb8d4-daad-4f77-8448-45b113055eeb,"You get to meet all sorts"
1613811320402,1613811320170,fail,1,AIDASSLDOJFLAIXMBIS7L,bfdb90c2-6857-460b-9f72-7d65878c3c43,"In this line of work"
1613811320402,1613811320276,pass,1,AIDASSLDOJFLAIXMBIS7L,868887d4-db03-4be7-b53a-d45219bc7d0e,"I still can't get used to it"
1613811320492,1613811320085,fail,1,AIDASSLDOJFLAIXMBIS7L,74bed9a9-0313-4b68-9478-249ad2a88e38,"Digging up the dirt"
1613811320492,1613811320358,pass,1,AIDASSLDOJFLAIXMBIS7L,ad7d7381-bc11-4488-9ec3-28bd2eace29a,"And what have you got at the end of the day?"
1613811320493,1613811320428,pass,1,AIDASSLDOJFLAIXMBIS7L,cb2dd91e-5c4c-4d75-a756-0df69735caf4,"What have you got to take away?"
1613811320593,1613811320471,pass,1,AIDASSLDOJFLAIXMBIS7L,8aa92bba-6712-4f76-bd73-4513ba8a4d4d,"A bottle of whisky and a new set of lies"
1613811320669,1613811320250,pass,1,AIDASSLDOJFLAIXMBIS7L,e4ba789d-e95b-463d-97a0-992a602d2f76,"And when I find the reason"
1613811320743,1613811320526,pass,1,AIDASSLDOJFLAIXMBIS7L,7fdbe065-89fd-46ce-b7e3-3e19bad42fe1,"Blinds on a window and a pain behind the eyes"
1613811320743,1613811320586,pass,1,AIDASSLDOJFLAIXMBIS7L,a94d2802-81f1-4114-8f71-1c86fdcde84e,"Scarred for life"
1613811320744,1613811320681,pass,1,AIDASSLDOJFLAIXMBIS7L,ad3548fa-50b6-4674-b11a-5cb0152ef50c,"Private investigations"
1613811320834,1613811320626,pass,1,AIDASSLDOJFLAIXMBIS7L,4c6691a2-3456-49af-be7b-791a6c3ca310,"No compensation"
1613811320931,1613811320198,fail,1,AIDASSLDOJFLAIXMBIS7L,afad5307-5946-43c8-955b-8fd31ca0471d,"Treachery and treason,"
1613811321760,1613811321727,pass,1,AIDASSLDOJFLAIXMBIS7L,2a1fdde1-c01a-4d8a-9665-43bdcd5b4663,"It's a mystery to me"
1613811321829,1613811321795,pass,1,AIDASSLDOJFLAIXMBIS7L,ab8e26f2-a805-4ce2-b8a1-0b387cf07bba,"For the usual fee"
1613811321909,1613811321841,pass,1,AIDASSLDOJFLAIXMBIS7L,e5b7efb1-4aa1-4e5e-9f58-b44b08515f5f,"Plus expenses"
1613811321981,1613811321766,pass,1,AIDASSLDOJFLAIXMBIS7L,ba763935-5366-4f7f-900d-c5119108e3b6,"The game commences"
1613811321981,1613811321879,pass,1,AIDASSLDOJFLAIXMBIS7L,6fe88392-2a72-44d6-aff9-ea0ca53cddcb,"Confidential information,"
1613811322059,1613811321927,fail,1,AIDASSLDOJFLAIXMBIS7L,4c9da0f2-62c3-4be1-ae8d-e3287dfe33fe,"It's in a diary"
1613811322059,1613811321953,pass,1,AIDASSLDOJFLAIXMBIS7L,53ba9147-011b-4363-85fa-7e1bd94da5b2,"This is my investigation,"
1613811322059,1613811322000,pass,1,AIDASSLDOJFLAIXMBIS7L,c7a5e787-ea3b-4d4e-9939-89c52b90979e,"It's not a public inquiry"
1613811322059,1613811322027,pass,1,AIDASSLDOJFLAIXMBIS7L,520319cd-b19d-4d1a-b2af-6daa5776b349,"I go checking out the reports"
1613811322168,1613811322135,pass,1,AIDASSLDOJFLAIXMBIS7L,4479d349-0824-487d-a229-0334c04c7027,"In this line of work"
1613811322168,1613811322066,pass,1,AIDASSLDOJFLAIXMBIS7L,22cfc87a-842b-4e1a-a587-a300c14419b8,"Digging up the dirt"
1613811322241,1613811322093,pass,1,AIDASSLDOJFLAIXMBIS7L,55ed58e6-26df-48fe-860b-93c258a0d365,"You get to meet all sorts"
1613811322322,1613811322228,pass,1,AIDASSLDOJFLAIXMBIS7L,d464bd88-377f-4c72-b76a-82002d30d369,"Treachery and treason,"
1613811322406,1613811322340,pass,1,AIDASSLDOJFLAIXMBIS7L,d942e325-f3c5-470e-b886-c270b6efa0ff,"There's always an excuse for it"
1613811322518,1613811322484,pass,1,AIDASSLDOJFLAIXMBIS7L,760f1d18-8663-4ea8-9d81-d1a8032407c0,"And what have you got at the end of the day?"
1613811322518,1613811322384,fail,1,AIDASSLDOJFLAIXMBIS7L,b04bf0c5-1d59-44db-860c-8edd90c2e85c,"And when I find the reason"
1613811322518,1613811322441,pass,1,AIDASSLDOJFLAIXMBIS7L,ec568812-50da-49f3-a15c-553c15e961cd,"I still can't get used to it"
1613811322614,1613811322527,pass,1,AIDASSLDOJFLAIXMBIS7L,cc226f4c-57e6-46bc-a0a5-975729ac4f8a,"What have you got to take away?"
1613811322614,1613811322563,pass,1,AIDASSLDOJFLAIXMBIS7L,b4f9b136-90ad-471b-8d1f-78d857007f44,"A bottle of whisky and a new set of lies"
1613811322688,1613811322653,fail,1,AIDASSLDOJFLAIXMBIS7L,1e063e09-2c93-449c-a8ba-d38133de23ec,"Scarred for life"
1613811322735,1613811322691,fail,1,AIDASSLDOJFLAIXMBIS7L,09e1c61b-ce57-41ac-8207-b50831e43f1c,"No compensation"
1613811322792,1613811322617,pass,1,AIDASSLDOJFLAIXMBIS7L,64048f80-6404-49ad-bc84-986ab3f2b865,"Blinds on a window and a pain behind the eyes"
1613811322878,1613811322713,pass,1,AIDASSLDOJFLAIXMBIS7L,91d697d2-f429-4a15-b3bf-e4eb42730c3d,"Private investigations"
1613811323794,1613811323759,pass,1,AIDASSLDOJFLAIXMBIS7L,22b2ce5a-1c55-4fa8-9fa5-b8a865107615,"It's a mystery to me"
1613811323880,1613811323793,pass,1,AIDASSLDOJFLAIXMBIS7L,8cce684a-5ce0-4e8d-a134-d547ae01ce5f,"The game commences"
1613811323949,1613811323876,pass,1,AIDASSLDOJFLAIXMBIS7L,1511c9cb-9986-479f-b574-c6b2a3ff29cb,"Confidential information,"
1613811324017,1613811323825,pass,1,AIDASSLDOJFLAIXMBIS7L,0b6d8374-165f-4c4b-8b93-453ede877808,"For the usual fee"
1613811324017,1613811323849,pass,1,AIDASSLDOJFLAIXMBIS7L,023a1fd4-f961-4d5a-a0b5-0d9d6b23a95e,"Plus expenses"
1613811324091,1613811323933,pass,1,AIDASSLDOJFLAIXMBIS7L,e309d65c-bef0-4d20-999e-7e5f8d10ba6e,"This is my investigation,"
1613811324166,1613811323975,fail,1,AIDASSLDOJFLAIXMBIS7L,66bf989a-adf6-4242-9946-f9bb0a10d9fc,"I go checking out the reports"
1613811324234,1613811324047,pass,1,AIDASSLDOJFLAIXMBIS7L,0d453dbc-f512-4619-9be9-a1d24d929e80,"Digging up the dirt"
1613811324234,1613811324078,pass,1,AIDASSLDOJFLAIXMBIS7L,023c3ff8-cc37-4002-8634-f3239b145990,"You get to meet all sorts"
1613811324235,1613811324114,pass,1,AIDASSLDOJFLAIXMBIS7L,b69a9c89-b07c-4a75-af5d-d421999de01d,"In this line of work"
1613811324324,1613811324286,pass,1,AIDASSLDOJFLAIXMBIS7L,eeffb7d1-2ce4-48b0-bc23-2b369a110b5b,"I still can't get used to it"
1613811324325,1613811324201,pass,1,AIDASSLDOJFLAIXMBIS7L,acf1a3f2-51b6-4233-8784-cc77573856c4,"There's always an excuse for it"
1613811324326,1613811324237,pass,1,AIDASSLDOJFLAIXMBIS7L,0009937d-89d7-4803-8e05-89b0d0751775,"And when I find the reason"
1613811324432,1613811323907,pass,1,AIDASSLDOJFLAIXMBIS7L,ac35e9a8-4491-49f1-8f60-6762908c4833,"It's in a diary"
1613811324432,1613811323952,pass,1,AIDASSLDOJFLAIXMBIS7L,e08c4663-87f0-4af5-af5e-350e20ed8f5c,"It's not a public inquiry"
1613811324432,1613811324337,pass,1,AIDASSLDOJFLAIXMBIS7L,4f82c7ef-4401-4d46-8629-807010bf99ab,"And what have you got at the end of the day?"
1613811324432,1613811324388,pass,1,AIDASSLDOJFLAIXMBIS7L,892ebedb-baa3-44ab-a813-ce9359c59c78,"What have you got to take away?"
1613811324520,1613811324481,pass,1,AIDASSLDOJFLAIXMBIS7L,8f86b2c2-8d9a-4026-b602-9b3c3c747dc0,"Blinds on a window and a pain behind the eyes"
1613811324520,1613811324441,pass,1,AIDASSLDOJFLAIXMBIS7L,9634162b-723b-43ad-a7af-9c8a0ab72d1a,"A bottle of whisky and a new set of lies"
1613811324633,1613811324596,pass,1,AIDASSLDOJFLAIXMBIS7L,ad84072e-d029-4f04-a8b9-c64969de9a1e,"No compensation"
1613811324633,1613811324537,pass,1,AIDASSLDOJFLAIXMBIS7L,906cc8f8-4788-4dde-9ede-af87dc8d205a,"Scarred for life"
1613811324733,1613811324160,pass,1,AIDASSLDOJFLAIXMBIS7L,15b8363c-85d1-49a7-bff9-7d59637b5e92,"Treachery and treason,"
1613811324734,1613811324647,pass,1,AIDASSLDOJFLAIXMBIS7L,a8dd98f6-2d14-40ba-a154-905833fced7e,"Private investigations"
1613811325750,1613811325716,fail,1,AIDASSLDOJFLAIXMBIS7L,6402c945-6dc0-4cd5-bba1-479f4b72113c,"It's a mystery to me"
1613811325895,1613811325860,pass,1,AIDASSLDOJFLAIXMBIS7L,040e131b-6896-4d53-9411-c3c089761496,"It's in a diary"
1613811325895,1613811325756,pass,1,AIDASSLDOJFLAIXMBIS7L,b6e4ff82-83c2-48f1-bc43-bb7007ef707a,"The game commences"
1613811325896,1613811325791,pass,1,AIDASSLDOJFLAIXMBIS7L,2766daed-65cc-422b-bf43-39d03229cad0,"For the usual fee"
1613811325896,1613811325817,pass,1,AIDASSLDOJFLAIXMBIS7L,66fc7c32-e834-4307-a5ff-e0a84bbefd76,"Plus expenses"
1613811325896,1613811325838,pass,1,AIDASSLDOJFLAIXMBIS7L,9fd35654-00f2-4440-ac6b-7fadb48664b3,"Confidential information,"
1613811325972,1613811325916,pass,1,AIDASSLDOJFLAIXMBIS7L,17cd1c4a-f7bd-4e0f-9ac0-ddd5b722ce26,"It's not a public inquiry"
1613811326048,1613811325881,pass,1,AIDASSLDOJFLAIXMBIS7L,7354542b-8e99-4f76-aa20-335020d2c32a,"This is my investigation,"
1613811326121,1613811325948,pass,1,AIDASSLDOJFLAIXMBIS7L,d4d8f631-45c3-4a1e-b265-3d1413b139b9,"I go checking out the reports"
1613811326122,1613811325988,pass,1,AIDASSLDOJFLAIXMBIS7L,5f8621eb-de09-4640-a72a-c5284fb7ae6b,"Digging up the dirt"
1613811326122,1613811326051,pass,1,AIDASSLDOJFLAIXMBIS7L,b57efa9b-001e-413a-986a-72ecb20152d0,"In this line of work"
1613811326211,1613811326076,fail,1,AIDASSLDOJFLAIXMBIS7L,cedd74b0-f2a1-43f6-830f-1900ba00a151,"Treachery and treason,"
1613811326212,1613811326171,pass,1,AIDASSLDOJFLAIXMBIS7L,5100f4a8-61d6-492e-a981-2b00699beddb,"And when I find the reason"
1613811326285,1613811326017,pass,1,AIDASSLDOJFLAIXMBIS7L,b6b29b8c-1fc5-41cf-9acc-1c1368c4672e,"You get to meet all sorts"
1613811326370,1613811326136,pass,1,AIDASSLDOJFLAIXMBIS7L,09f9f369-a6e2-4f60-a4ac-ff66155a71ab,"There's always an excuse for it"
1613811326370,1613811326225,pass,1,AIDASSLDOJFLAIXMBIS7L,f8b5f274-8723-4579-a264-af4df04d411a,"I still can't get used to it"
1613811326370,1613811326336,pass,1,AIDASSLDOJFLAIXMBIS7L,90546175-90c3-426d-a7a1-5a1445f71231,"And what have you got at the end of the day?"
1613811326459,1613811326369,pass,1,AIDASSLDOJFLAIXMBIS7L,48404b59-209b-40a8-8ce8-be16a8410097,"What have you got to take away?"
1613811326460,1613811326426,pass,1,AIDASSLDOJFLAIXMBIS7L,f5055439-b30c-4d34-b0ac-9216e2a07ab3,"Blinds on a window and a pain behind the eyes"
1613811326533,1613811326396,pass,1,AIDASSLDOJFLAIXMBIS7L,c495b1c2-bb1d-435a-a48d-2610b5d15254,"A bottle of whisky and a new set of lies"
1613811326608,1613811326508,pass,1,AIDASSLDOJFLAIXMBIS7L,87ede897-ef24-43aa-bdc6-7a9819931431,"Private investigations"
1613811326683,1613811326483,pass,1,AIDASSLDOJFLAIXMBIS7L,25466ddf-78d9-413e-a648-3c6c569054ca,"No compensation"
1613811326787,1613811326457,pass,1,AIDASSLDOJFLAIXMBIS7L,d7a8e764-24fa-401e-b327-4063cf38e0e2,"Scarred for life"
1613811327610,1613811327577,pass,1,AIDASSLDOJFLAIXMBIS7L,d1d26009-a3a8-4eba-a913-143c59b87345,"It's a mystery to me"
1613811327770,1613811327706,fail,1,AIDASSLDOJFLAIXMBIS7L,0ba652c1-187e-4c03-a274-f6b4aeef3a16,"Confidential information,"
1613811327823,1613811327790,pass,1,AIDASSLDOJFLAIXMBIS7L,b5fd6a64-c13a-46d7-b15a-046a7a84a235,"It's not a public inquiry"
1613811327890,1613811327685,pass,1,AIDASSLDOJFLAIXMBIS7L,c22364f9-d87d-43df-92ac-ca5e8a15fad6,"Plus expenses"
1613811327890,1613811327732,pass,1,AIDASSLDOJFLAIXMBIS7L,5414def6-ae34-457a-b725-b5ca58b1e42c,"It's in a diary"
1613811327952,1613811327899,pass,1,AIDASSLDOJFLAIXMBIS7L,04d6b125-501e-40f6-90ad-32c9b8364041,"In this line of work"
1613811328017,1613811327618,pass,1,AIDASSLDOJFLAIXMBIS7L,c6a7d498-985a-4a89-be1e-adabe1b9eba4,"The game commences"
1613811328018,1613811327654,pass,1,AIDASSLDOJFLAIXMBIS7L,700d7c46-5e33-4016-85b0-7fe83d451281,"For the usual fee"
1613811328018,1613811327764,pass,1,AIDASSLDOJFLAIXMBIS7L,87858b0f-0031-4bff-88e8-fbbf89ca9b84,"This is my investigation,"
1613811328018,1613811327821,pass,1,AIDASSLDOJFLAIXMBIS7L,be0036f4-925b-4a4d-90fd-7d08246a91c3,"I go checking out the reports"
1613811328018,1613811327845,pass,1,AIDASSLDOJFLAIXMBIS7L,69b3a3b6-b856-48e2-88ff-3563cc4b37ad,"Digging up the dirt"
1613811328019,1613811327869,pass,1,AIDASSLDOJFLAIXMBIS7L,61b0a588-8df5-4e7c-97a8-63c5684ce393,"You get to meet all sorts"
1613811328106,1613811327954,pass,1,AIDASSLDOJFLAIXMBIS7L,615c350a-06c7-4137-b180-f76946171dcf,"There's always an excuse for it"
1613811328186,1613811328134,pass,1,AIDASSLDOJFLAIXMBIS7L,5634fb9c-d522-4bdd-b840-84bbdfdffada,"I still can't get used to it"
1613811328285,1613811328252,pass,1,AIDASSLDOJFLAIXMBIS7L,a5d6fb5f-5017-4db1-9ec2-e36d2e018dce,"A bottle of whisky and a new set of lies"
1613811328285,1613811328219,pass,1,AIDASSLDOJFLAIXMBIS7L,74347a30-b987-408b-ba56-208982adacf2,"What have you got to take away?"
1613811328551,1613811328174,fail,1,AIDASSLDOJFLAIXMBIS7L,fe7a01cd-1466-4113-90ef-8469e54b3df8,"And what have you got at the end of the day?"
1613811328633,1613811327923,pass,1,AIDASSLDOJFLAIXMBIS7L,e5ad0c1a-e631-4ae2-9c1f-d34bbad3e600,"Treachery and treason,"
1613811328635,1613811327977,pass,1,AIDASSLDOJFLAIXMBIS7L,7afad8f3-d006-43a5-95ca-4e96074fa683,"And when I find the reason"
1613811328637,1613811328597,pass,1,AIDASSLDOJFLAIXMBIS7L,e6dd210e-aa68-4c77-a1bc-723ab2281ee5,"Scarred for life"
1613811328715,1613811328283,pass,1,AIDASSLDOJFLAIXMBIS7L,661641fb-d7e7-4ebe-b398-bec279de6c36,"Blinds on a window and a pain behind the eyes"
1613811328715,1613811328679,pass,1,AIDASSLDOJFLAIXMBIS7L,0ce025db-363a-4107-aa38-f6f0249a2f31,"Private investigations"
1613811328798,1613811328634,pass,1,AIDASSLDOJFLAIXMBIS7L,37f2a5b4-c957-4373-960e-4be5a354fcb3,"No compensation"
1613811329776,1613811329732,pass,1,AIDASSLDOJFLAIXMBIS7L,c1c165b3-fabe-4131-9abf-3a4e0e5caec8,"It's a mystery to me"
1613811329879,1613811329846,pass,1,AIDASSLDOJFLAIXMBIS7L,9ec9a1aa-7140-474d-a8c2-8f7d7dd3d0ca,"For the usual fee"
1613811329968,1613811329923,pass,1,AIDASSLDOJFLAIXMBIS7L,d32eaa85-b037-4fda-b2e3-64f1d98e64fc,"Confidential information,"
1613811329968,1613811329880,pass,1,AIDASSLDOJFLAIXMBIS7L,6161724f-c9d2-493f-9769-12f0a3ae1162,"Plus expenses"
1613811330039,1613811330006,pass,1,AIDASSLDOJFLAIXMBIS7L,2586bba0-3218-411d-a176-9ac720d49d24,"It's not a public inquiry"
1613811330039,1613811329948,pass,1,AIDASSLDOJFLAIXMBIS7L,18154235-39da-4d82-87e1-ce7bca48efcf,"It's in a diary"
1613811330105,1613811329786,pass,1,AIDASSLDOJFLAIXMBIS7L,f90f4565-a859-4b3a-84f7-3bcf6257e90d,"The game commences"
1613811330105,1613811330030,pass,1,AIDASSLDOJFLAIXMBIS7L,a4f690c8-3922-4002-98eb-278a6a6186db,"I go checking out the reports"
1613811330168,1613811329984,pass,1,AIDASSLDOJFLAIXMBIS7L,6a1b1852-144d-4b37-822e-31fb830f1094,"This is my investigation,"
1613811330168,1613811330125,pass,1,AIDASSLDOJFLAIXMBIS7L,5c2a185e-4047-487e-a264-20b67319b02a,"Treachery and treason,"
1613811330498,1613811330079,pass,1,AIDASSLDOJFLAIXMBIS7L,7803a84d-11ca-45b9-b4b9-e5b27366cad4,"You get to meet all sorts"
1613811330499,1613811330105,pass,1,AIDASSLDOJFLAIXMBIS7L,d2b47eb8-b57c-49aa-95c2-5c7ac4639171,"In this line of work"
1613811330499,1613811330174,pass,1,AIDASSLDOJFLAIXMBIS7L,054758f6-fd6b-45d4-830a-bf62dcef62d2,"And when I find the reason"
1613811330635,1613811330228,pass,1,AIDASSLDOJFLAIXMBIS7L,7a26f50f-a64c-4d97-b4fd-8e8239cdf51e,"And what have you got at the end of the day?"
1613811330730,1613811330604,pass,1,AIDASSLDOJFLAIXMBIS7L,13aaa907-6458-4610-9e25-52532469c492,"A bottle of whisky and a new set of lies"
1613811330823,1613811330057,pass,1,AIDASSLDOJFLAIXMBIS7L,f793ace6-2a79-4596-91ff-ad4a6323a8f4,"Digging up the dirt"
1613811330824,1613811330148,pass,1,AIDASSLDOJFLAIXMBIS7L,d32a6abb-088c-4c8f-a719-7b19d4bd4575,"There's always an excuse for it"
1613811330825,1613811330199,pass,1,AIDASSLDOJFLAIXMBIS7L,12f73237-0908-4a89-aff1-f9cd79f67efe,"I still can't get used to it"
1613811330826,1613811330543,pass,1,AIDASSLDOJFLAIXMBIS7L,fa352bea-5f6e-46d7-ae3e-9855004bc0de,"What have you got to take away?"
1613811330826,1613811330659,pass,1,AIDASSLDOJFLAIXMBIS7L,9c4a4e61-5b06-4fe9-91be-a6e951c4c9fc,"Blinds on a window and a pain behind the eyes"
1613811330826,1613811330782,pass,1,AIDASSLDOJFLAIXMBIS7L,3ccac81f-37c4-4820-94f2-5c354c9492b7,"Scarred for life"
1613811330914,1613811330808,pass,1,AIDASSLDOJFLAIXMBIS7L,7d7acddd-c5d4-4c9b-8870-76c76f2fd676,"No compensation"
1613811331015,1613811330864,pass,1,AIDASSLDOJFLAIXMBIS7L,130e41a8-3d48-4d80-9c94-70c825afc873,"Private investigations"
1613811331942,1613811331908,pass,1,AIDASSLDOJFLAIXMBIS7L,482d5e41-03a8-4a16-939b-b95017c8d7c7,"It's a mystery to me"
1613811332043,1613811331965,pass,1,AIDASSLDOJFLAIXMBIS7L,1f64b393-d9b2-4e27-8682-5d5cfcf58979,"The game commences"
1613811332216,1613811332050,pass,1,AIDASSLDOJFLAIXMBIS7L,9962c0b6-3b91-4cfa-b08c-149caf4f152e,"Plus expenses"
1613811332216,1613811332086,pass,1,AIDASSLDOJFLAIXMBIS7L,7e47c721-3388-4183-9771-0537e22527f2,"Confidential information,"
1613811332217,1613811332132,pass,1,AIDASSLDOJFLAIXMBIS7L,1e25be54-fe8e-4704-947d-7fb0ed6b8c00,"It's in a diary"
1613811332324,1613811332289,pass,1,AIDASSLDOJFLAIXMBIS7L,e0ece558-7591-46f7-80da-3dd3a4e7630b,"Digging up the dirt"
1613811332325,1613811332252,pass,1,AIDASSLDOJFLAIXMBIS7L,479ace4f-3704-4149-9081-2abfe4ad4f3c,"I go checking out the reports"
1613811332402,1613811331999,pass,1,AIDASSLDOJFLAIXMBIS7L,53676e68-f70d-4b7f-bdaf-e5760ff6a829,"For the usual fee"
1613811332477,1613811332171,pass,1,AIDASSLDOJFLAIXMBIS7L,4b1c02da-6265-40aa-84eb-b4a2441fa23b,"This is my investigation,"
1613811332477,1613811332326,pass,1,AIDASSLDOJFLAIXMBIS7L,71832254-44e0-4c40-a599-b55199551c20,"You get to meet all sorts"
1613811332477,1613811332390,pass,1,AIDASSLDOJFLAIXMBIS7L,b46a751b-ef49-4516-92be-e508b24dbf1b,"In this line of work"
1613811332563,1613811332211,pass,1,AIDASSLDOJFLAIXMBIS7L,d9fd6766-ac92-4c0f-9efd-0f909c0e0fe6,"It's not a public inquiry"
1613811332651,1613811332602,pass,1,AIDASSLDOJFLAIXMBIS7L,49007aac-7b93-45b4-9db1-92763d70cea8,"What have you got to take away?"
1613811332760,1613811332725,pass,1,AIDASSLDOJFLAIXMBIS7L,b227a930-2021-4700-8c33-f62bbbc9b7a2,"Scarred for life"
1613811332760,1613811332636,pass,1,AIDASSLDOJFLAIXMBIS7L,47a16374-b690-411b-b48c-3847d3eb31c7,"A bottle of whisky and a new set of lies"
1613811332850,1613811332460,pass,1,AIDASSLDOJFLAIXMBIS7L,10091a29-2a02-4df5-a77b-d5ba4e3a92f9,"There's always an excuse for it"
1613811332851,1613811332495,pass,1,AIDASSLDOJFLAIXMBIS7L,9b6dbe90-a7ba-4c79-9e31-c15efcb61f2c,"And when I find the reason"
1613811332851,1613811332688,pass,1,AIDASSLDOJFLAIXMBIS7L,9ddd4ec8-77d8-480f-9524-5cf7aedcad33,"Blinds on a window and a pain behind the eyes"
1613811332944,1613811332530,pass,1,AIDASSLDOJFLAIXMBIS7L,672bbfea-17b0-4cf7-bf9f-3cfefa0fbe2f,"I still can't get used to it"
1613811332945,1613811332810,pass,1,AIDASSLDOJFLAIXMBIS7L,ca1b40ab-98d2-40ab-b262-22c7fbb10390,"Private investigations"
1613811333028,1613811332427,fail,1,AIDASSLDOJFLAIXMBIS7L,37af7d9c-e574-4751-b27d-7a001dd4b601,"Treachery and treason,"
1613811333084,1613811332770,pass,1,AIDASSLDOJFLAIXMBIS7L,0a802778-3633-4da3-9e45-07c083b954c8,"No compensation"
1613811333201,1613811332564,pass,1,AIDASSLDOJFLAIXMBIS7L,d59afd83-1aca-484b-ac23-c4a1b4ff5775,"And what have you got at the end of the day?"
1613811340865,1613811310588,pass,2,AIDASSLDOJFLAIXMBIS7L,17bae915-b444-4eeb-9fbb-b274627d0ec1,"I still can't get used to it"
1613811342097,1613811312050,pass,2,AIDASSLDOJFLAIXMBIS7L,3e26ac53-a79b-4585-9af6-e0535698b392,"It's in a diary"
1613811342199,1613811311949,pass,2,AIDASSLDOJFLAIXMBIS7L,c967e968-afeb-42fb-8754-a0bdaa1dd0c3,"For the usual fee"
1613811343632,1613811312662,pass,2,AIDASSLDOJFLAIXMBIS7L,f6b96f30-6816-44aa-b7e5-42a853ad6c21,"Blinds on a window and a pain behind the eyes"
1613811348241,1613811317941,pass,2,AIDASSLDOJFLAIXMBIS7L,d79c057f-d87f-486b-8735-f0c4d2081f7c,"The game commences"
1613811348241,1613811318119,pass,2,AIDASSLDOJFLAIXMBIS7L,c4eafba1-79e2-4fbd-bfee-8b48333aca13,"This is my investigation,"
1613811348855,1613811318436,pass,2,AIDASSLDOJFLAIXMBIS7L,d5b8d7ab-691a-4edf-a65a-56bf9f3fe97a,"Treachery and treason,"
1613811349776,1613811318616,pass,2,AIDASSLDOJFLAIXMBIS7L,ac4e4038-e4ee-40df-8010-318b0a4ad352,"And what have you got at the end of the day?"
1613811350489,1613811319935,pass,2,AIDASSLDOJFLAIXMBIS7L,36721104-464a-416e-9c1e-f682a827d526,"Plus expenses"
1613811350566,1613811320085,pass,2,AIDASSLDOJFLAIXMBIS7L,74bed9a9-0313-4b68-9478-249ad2a88e38,"Digging up the dirt"
1613811350665,1613811320170,pass,2,AIDASSLDOJFLAIXMBIS7L,bfdb90c2-6857-460b-9f72-7d65878c3c43,"In this line of work"
1613811351007,1613811320198,pass,2,AIDASSLDOJFLAIXMBIS7L,afad5307-5946-43c8-955b-8fd31ca0471d,"Treachery and treason,"
1613811352055,1613811321927,pass,2,AIDASSLDOJFLAIXMBIS7L,4c9da0f2-62c3-4be1-ae8d-e3287dfe33fe,"It's in a diary"
1613811352549,1613811322384,pass,2,AIDASSLDOJFLAIXMBIS7L,b04bf0c5-1d59-44db-860c-8edd90c2e85c,"And when I find the reason"
1613811352692,1613811322653,pass,2,AIDASSLDOJFLAIXMBIS7L,1e063e09-2c93-449c-a8ba-d38133de23ec,"Scarred for life"
1613811352794,1613811322691,fail,2,AIDASSLDOJFLAIXMBIS7L,09e1c61b-ce57-41ac-8207-b50831e43f1c,"No compensation"
1613811354385,1613811323975,pass,2,AIDASSLDOJFLAIXMBIS7L,66bf989a-adf6-4242-9946-f9bb0a10d9fc,"I go checking out the reports"
1613811355918,1613811325716,pass,2,AIDASSLDOJFLAIXMBIS7L,6402c945-6dc0-4cd5-bba1-479f4b72113c,"It's a mystery to me"
1613811356228,1613811326076,pass,2,AIDASSLDOJFLAIXMBIS7L,cedd74b0-f2a1-43f6-830f-1900ba00a151,"Treachery and treason,"
1613811357785,1613811327706,pass,2,AIDASSLDOJFLAIXMBIS7L,0ba652c1-187e-4c03-a274-f6b4aeef3a16,"Confidential information,"
1613811358691,1613811328174,pass,2,AIDASSLDOJFLAIXMBIS7L,fe7a01cd-1466-4113-90ef-8469e54b3df8,"And what have you got at the end of the day?"
1613811363032,1613811332427,pass,2,AIDASSLDOJFLAIXMBIS7L,37af7d9c-e574-4751-b27d-7a001dd4b601,"Treachery and treason,"
1613811382790,1613811322691,pass,3,AIDASSLDOJFLAIXMBIS7L,09e1c61b-ce57-41ac-8207-b50831e43f1c,"No compensation"
